2022-12-18 12:52:45 [background-preinit] INFO  : HV000001: Hibernate Validator 6.2.5.Final
2022-12-18 12:52:45 [restartedMain] INFO  : Starting AppointmentApplication using Java 17.0.4.1 on MSI with PID 1548 (C:\Users\91786\git\repository\appointment-application\target\classes started by 91786 in C:\Users\91786\git\repository\appointment-application)
2022-12-18 12:52:45 [restartedMain] INFO  : No active profile set, falling back to 1 default profile: "default"
2022-12-18 12:52:45 [restartedMain] INFO  : Devtools property defaults active! Set 'spring.devtools.add-properties' to 'false' to disable
2022-12-18 12:52:45 [restartedMain] INFO  : For additional web related logging consider setting the 'logging.level.web' property to 'DEBUG'
2022-12-18 12:52:46 [restartedMain] INFO  : Bootstrapping Spring Data JPA repositories in DEFAULT mode.
2022-12-18 12:52:46 [restartedMain] INFO  : Finished Spring Data repository scanning in 42 ms. Found 1 JPA repository interfaces.
2022-12-18 12:52:47 [restartedMain] INFO  : Tomcat initialized with port(s): 8091 (http)
2022-12-18 12:52:47 [restartedMain] INFO  : Initializing ProtocolHandler ["http-nio-8091"]
2022-12-18 12:52:47 [restartedMain] INFO  : Starting service [Tomcat]
2022-12-18 12:52:47 [restartedMain] INFO  : Starting Servlet engine: [Apache Tomcat/9.0.69]
2022-12-18 12:52:47 [restartedMain] INFO  : Initializing Spring embedded WebApplicationContext
2022-12-18 12:52:47 [restartedMain] INFO  : Root WebApplicationContext: initialization completed in 1674 ms
2022-12-18 12:52:47 [restartedMain] INFO  : HikariPool-1 - Starting...
2022-12-18 12:52:47 [restartedMain] INFO  : HikariPool-1 - Start completed.
2022-12-18 12:52:47 [restartedMain] INFO  : H2 console available at '/h2-console'. Database available at 'jdbc:h2:mem:testdb'
2022-12-18 12:52:47 [restartedMain] INFO  : HHH000204: Processing PersistenceUnitInfo [name: default]
2022-12-18 12:52:47 [restartedMain] INFO  : HHH000412: Hibernate ORM core version 5.6.14.Final
2022-12-18 12:52:48 [restartedMain] INFO  : HCANN000001: Hibernate Commons Annotations {5.1.2.Final}
2022-12-18 12:52:48 [restartedMain] INFO  : HHH000400: Using dialect: org.hibernate.dialect.H2Dialect
2022-12-18 12:52:48 [restartedMain] INFO  : HHH000490: Using JtaPlatform implementation: [org.hibernate.engine.transaction.jta.platform.internal.NoJtaPlatform]
2022-12-18 12:52:48 [restartedMain] INFO  : Initialized JPA EntityManagerFactory for persistence unit 'default'
2022-12-18 12:52:49 [restartedMain] WARN  : spring.jpa.open-in-view is enabled by default. Therefore, database queries may be performed during view rendering. Explicitly configure spring.jpa.open-in-view to disable this warning
2022-12-18 12:52:49 [restartedMain] INFO  : Mapped URL path [/v2/api-docs] onto method [springfox.documentation.swagger2.web.Swagger2Controller#getDocumentation(String, HttpServletRequest)]
2022-12-18 12:52:49 [restartedMain] INFO  : LiveReload server is running on port 35729
2022-12-18 12:52:49 [restartedMain] INFO  : Starting ProtocolHandler ["http-nio-8091"]
2022-12-18 12:52:49 [restartedMain] INFO  : Tomcat started on port(s): 8091 (http) with context path ''
2022-12-18 12:52:49 [restartedMain] INFO  : Context refreshed
2022-12-18 12:52:50 [restartedMain] INFO  : Found 1 custom documentation plugin(s)
2022-12-18 12:52:50 [restartedMain] INFO  : Scanning for api listing references
2022-12-18 12:52:50 [restartedMain] INFO  : Generating unique operation named: openapiJsonUsingGET_1
2022-12-18 12:52:50 [restartedMain] INFO  : Started AppointmentApplication in 5.101 seconds (JVM running for 6.112)
2022-12-18 12:56:29 [Thread-5] INFO  : Pausing ProtocolHandler ["http-nio-8091"]
2022-12-18 12:56:29 [Thread-5] INFO  : Stopping service [Tomcat]
2022-12-18 12:56:29 [Thread-5] INFO  : Stopping ProtocolHandler ["http-nio-8091"]
2022-12-18 12:56:29 [Thread-5] INFO  : Destroying ProtocolHandler ["http-nio-8091"]
2022-12-18 12:56:29 [Thread-5] INFO  : Closing JPA EntityManagerFactory for persistence unit 'default'
2022-12-18 12:56:29 [Thread-5] WARN  : Invocation of destroy method failed on bean with name 'inMemoryDatabaseShutdownExecutor': org.h2.jdbc.JdbcSQLNonTransientConnectionException: Database is already closed (to disable automatic closing at VM shutdown, add ";DB_CLOSE_ON_EXIT=FALSE" to the db URL) [90121-214]
2022-12-18 12:56:29 [Thread-5] INFO  : HikariPool-1 - Shutdown initiated...
2022-12-18 12:56:29 [Thread-5] INFO  : HikariPool-1 - Shutdown completed.
2022-12-18 12:56:29 [restartedMain] INFO  : Starting AppointmentApplication using Java 17.0.4.1 on MSI with PID 1548 (C:\Users\91786\git\repository\appointment-application\target\classes started by 91786 in C:\Users\91786\git\repository\appointment-application)
2022-12-18 12:56:29 [restartedMain] INFO  : No active profile set, falling back to 1 default profile: "default"
2022-12-18 12:56:30 [restartedMain] INFO  : Bootstrapping Spring Data JPA repositories in DEFAULT mode.
2022-12-18 12:56:30 [restartedMain] INFO  : Finished Spring Data repository scanning in 9 ms. Found 1 JPA repository interfaces.
2022-12-18 12:56:30 [restartedMain] INFO  : Tomcat initialized with port(s): 8091 (http)
2022-12-18 12:56:30 [restartedMain] INFO  : Initializing ProtocolHandler ["http-nio-8091"]
2022-12-18 12:56:30 [restartedMain] INFO  : Starting service [Tomcat]
2022-12-18 12:56:30 [restartedMain] INFO  : Starting Servlet engine: [Apache Tomcat/9.0.69]
2022-12-18 12:56:30 [restartedMain] INFO  : Initializing Spring embedded WebApplicationContext
2022-12-18 12:56:30 [restartedMain] INFO  : Root WebApplicationContext: initialization completed in 470 ms
2022-12-18 12:56:30 [restartedMain] INFO  : HikariPool-2 - Starting...
2022-12-18 12:56:30 [restartedMain] INFO  : HikariPool-2 - Start completed.
2022-12-18 12:56:30 [restartedMain] INFO  : H2 console available at '/h2-console'. Database available at 'jdbc:h2:mem:testdb'
2022-12-18 12:56:30 [restartedMain] INFO  : HHH000204: Processing PersistenceUnitInfo [name: default]
2022-12-18 12:56:30 [restartedMain] INFO  : HHH000400: Using dialect: org.hibernate.dialect.H2Dialect
2022-12-18 12:56:30 [restartedMain] INFO  : HHH000490: Using JtaPlatform implementation: [org.hibernate.engine.transaction.jta.platform.internal.NoJtaPlatform]
2022-12-18 12:56:30 [restartedMain] INFO  : Initialized JPA EntityManagerFactory for persistence unit 'default'
2022-12-18 12:56:30 [restartedMain] WARN  : spring.jpa.open-in-view is enabled by default. Therefore, database queries may be performed during view rendering. Explicitly configure spring.jpa.open-in-view to disable this warning
2022-12-18 12:56:30 [restartedMain] INFO  : Mapped URL path [/v2/api-docs] onto method [springfox.documentation.swagger2.web.Swagger2Controller#getDocumentation(String, HttpServletRequest)]
2022-12-18 12:56:30 [restartedMain] INFO  : LiveReload server is running on port 35729
2022-12-18 12:56:31 [restartedMain] INFO  : Starting ProtocolHandler ["http-nio-8091"]
2022-12-18 12:56:31 [restartedMain] INFO  : Tomcat started on port(s): 8091 (http) with context path ''
2022-12-18 12:56:31 [restartedMain] INFO  : Context refreshed
2022-12-18 12:56:31 [restartedMain] INFO  : Found 1 custom documentation plugin(s)
2022-12-18 12:56:31 [restartedMain] INFO  : Scanning for api listing references
2022-12-18 12:56:31 [restartedMain] INFO  : Generating unique operation named: openapiJsonUsingGET_1
2022-12-18 12:56:31 [restartedMain] INFO  : Started AppointmentApplication in 1.24 seconds (JVM running for 227.1)
2022-12-18 12:56:31 [restartedMain] INFO  : Condition evaluation unchanged
2022-12-18 13:16:14 [Thread-8] INFO  : Pausing ProtocolHandler ["http-nio-8091"]
2022-12-18 13:16:14 [Thread-8] INFO  : Stopping service [Tomcat]
2022-12-18 13:16:14 [Thread-8] INFO  : Stopping ProtocolHandler ["http-nio-8091"]
2022-12-18 13:16:14 [Thread-8] INFO  : Destroying ProtocolHandler ["http-nio-8091"]
2022-12-18 13:16:14 [Thread-8] INFO  : Closing JPA EntityManagerFactory for persistence unit 'default'
2022-12-18 13:16:14 [Thread-8] WARN  : Invocation of destroy method failed on bean with name 'inMemoryDatabaseShutdownExecutor': org.h2.jdbc.JdbcSQLNonTransientConnectionException: Database is already closed (to disable automatic closing at VM shutdown, add ";DB_CLOSE_ON_EXIT=FALSE" to the db URL) [90121-214]
2022-12-18 13:16:14 [Thread-8] INFO  : HikariPool-2 - Shutdown initiated...
2022-12-18 13:16:14 [Thread-8] INFO  : HikariPool-2 - Shutdown completed.
2022-12-18 13:16:14 [restartedMain] INFO  : Starting AppointmentApplication using Java 17.0.4.1 on MSI with PID 1548 (C:\Users\91786\git\repository\appointment-application\target\classes started by 91786 in C:\Users\91786\git\repository\appointment-application)
2022-12-18 13:16:14 [restartedMain] INFO  : No active profile set, falling back to 1 default profile: "default"
2022-12-18 13:16:14 [restartedMain] INFO  : Bootstrapping Spring Data JPA repositories in DEFAULT mode.
2022-12-18 13:16:14 [restartedMain] INFO  : Finished Spring Data repository scanning in 11 ms. Found 1 JPA repository interfaces.
2022-12-18 13:16:14 [restartedMain] INFO  : Tomcat initialized with port(s): 8091 (http)
2022-12-18 13:16:14 [restartedMain] INFO  : Initializing ProtocolHandler ["http-nio-8091"]
2022-12-18 13:16:14 [restartedMain] INFO  : Starting service [Tomcat]
2022-12-18 13:16:14 [restartedMain] INFO  : Starting Servlet engine: [Apache Tomcat/9.0.69]
2022-12-18 13:16:14 [restartedMain] INFO  : Initializing Spring embedded WebApplicationContext
2022-12-18 13:16:14 [restartedMain] INFO  : Root WebApplicationContext: initialization completed in 503 ms
2022-12-18 13:16:14 [restartedMain] INFO  : HikariPool-3 - Starting...
2022-12-18 13:16:14 [restartedMain] INFO  : HikariPool-3 - Start completed.
2022-12-18 13:16:14 [restartedMain] INFO  : H2 console available at '/h2-console'. Database available at 'jdbc:h2:mem:testdb'
2022-12-18 13:16:14 [restartedMain] INFO  : HHH000204: Processing PersistenceUnitInfo [name: default]
2022-12-18 13:16:14 [restartedMain] INFO  : HHH000400: Using dialect: org.hibernate.dialect.H2Dialect
2022-12-18 13:16:14 [restartedMain] INFO  : HHH000490: Using JtaPlatform implementation: [org.hibernate.engine.transaction.jta.platform.internal.NoJtaPlatform]
2022-12-18 13:16:14 [restartedMain] INFO  : Initialized JPA EntityManagerFactory for persistence unit 'default'
2022-12-18 13:16:15 [restartedMain] WARN  : spring.jpa.open-in-view is enabled by default. Therefore, database queries may be performed during view rendering. Explicitly configure spring.jpa.open-in-view to disable this warning
2022-12-18 13:16:15 [restartedMain] INFO  : Mapped URL path [/v2/api-docs] onto method [springfox.documentation.swagger2.web.Swagger2Controller#getDocumentation(String, HttpServletRequest)]
2022-12-18 13:16:15 [restartedMain] INFO  : LiveReload server is running on port 35729
2022-12-18 13:16:15 [restartedMain] INFO  : Starting ProtocolHandler ["http-nio-8091"]
2022-12-18 13:16:15 [restartedMain] INFO  : Tomcat started on port(s): 8091 (http) with context path ''
2022-12-18 13:16:15 [restartedMain] INFO  : Context refreshed
2022-12-18 13:16:15 [restartedMain] INFO  : Found 1 custom documentation plugin(s)
2022-12-18 13:16:15 [restartedMain] INFO  : Scanning for api listing references
2022-12-18 13:16:15 [restartedMain] INFO  : Generating unique operation named: openapiJsonUsingGET_1
2022-12-18 13:16:15 [restartedMain] INFO  : Started AppointmentApplication in 1.251 seconds (JVM running for 1411.524)
2022-12-18 13:16:15 [restartedMain] INFO  : Condition evaluation unchanged
2022-12-18 13:16:39 [Thread-12] INFO  : Pausing ProtocolHandler ["http-nio-8091"]
2022-12-18 13:16:39 [Thread-12] INFO  : Stopping service [Tomcat]
2022-12-18 13:16:39 [Thread-12] INFO  : Stopping ProtocolHandler ["http-nio-8091"]
2022-12-18 13:16:39 [Thread-12] INFO  : Destroying ProtocolHandler ["http-nio-8091"]
2022-12-18 13:16:39 [Thread-12] INFO  : Closing JPA EntityManagerFactory for persistence unit 'default'
2022-12-18 13:16:39 [Thread-12] WARN  : Invocation of destroy method failed on bean with name 'inMemoryDatabaseShutdownExecutor': org.h2.jdbc.JdbcSQLNonTransientConnectionException: Database is already closed (to disable automatic closing at VM shutdown, add ";DB_CLOSE_ON_EXIT=FALSE" to the db URL) [90121-214]
2022-12-18 13:16:39 [Thread-12] INFO  : HikariPool-3 - Shutdown initiated...
2022-12-18 13:16:39 [Thread-12] INFO  : HikariPool-3 - Shutdown completed.
2022-12-18 13:16:39 [restartedMain] INFO  : Starting AppointmentApplication using Java 17.0.4.1 on MSI with PID 1548 (C:\Users\91786\git\repository\appointment-application\target\classes started by 91786 in C:\Users\91786\git\repository\appointment-application)
2022-12-18 13:16:39 [restartedMain] INFO  : No active profile set, falling back to 1 default profile: "default"
2022-12-18 13:16:39 [restartedMain] INFO  : Bootstrapping Spring Data JPA repositories in DEFAULT mode.
2022-12-18 13:16:39 [restartedMain] INFO  : Finished Spring Data repository scanning in 12 ms. Found 1 JPA repository interfaces.
2022-12-18 13:16:40 [restartedMain] INFO  : Tomcat initialized with port(s): 8091 (http)
2022-12-18 13:16:40 [restartedMain] INFO  : Initializing ProtocolHandler ["http-nio-8091"]
2022-12-18 13:16:40 [restartedMain] INFO  : Starting service [Tomcat]
2022-12-18 13:16:40 [restartedMain] INFO  : Starting Servlet engine: [Apache Tomcat/9.0.69]
2022-12-18 13:16:40 [restartedMain] INFO  : Initializing Spring embedded WebApplicationContext
2022-12-18 13:16:40 [restartedMain] INFO  : Root WebApplicationContext: initialization completed in 418 ms
2022-12-18 13:16:40 [restartedMain] INFO  : HikariPool-4 - Starting...
2022-12-18 13:16:40 [restartedMain] INFO  : HikariPool-4 - Start completed.
2022-12-18 13:16:40 [restartedMain] INFO  : H2 console available at '/h2-console'. Database available at 'jdbc:h2:mem:testdb'
2022-12-18 13:16:40 [restartedMain] INFO  : HHH000204: Processing PersistenceUnitInfo [name: default]
2022-12-18 13:16:40 [restartedMain] INFO  : HHH000400: Using dialect: org.hibernate.dialect.H2Dialect
2022-12-18 13:16:40 [restartedMain] INFO  : HHH000490: Using JtaPlatform implementation: [org.hibernate.engine.transaction.jta.platform.internal.NoJtaPlatform]
2022-12-18 13:16:40 [restartedMain] INFO  : Initialized JPA EntityManagerFactory for persistence unit 'default'
2022-12-18 13:16:40 [restartedMain] WARN  : spring.jpa.open-in-view is enabled by default. Therefore, database queries may be performed during view rendering. Explicitly configure spring.jpa.open-in-view to disable this warning
2022-12-18 13:16:40 [restartedMain] INFO  : Mapped URL path [/v2/api-docs] onto method [springfox.documentation.swagger2.web.Swagger2Controller#getDocumentation(String, HttpServletRequest)]
2022-12-18 13:16:40 [restartedMain] INFO  : LiveReload server is running on port 35729
2022-12-18 13:16:40 [restartedMain] INFO  : Starting ProtocolHandler ["http-nio-8091"]
2022-12-18 13:16:40 [restartedMain] INFO  : Tomcat started on port(s): 8091 (http) with context path ''
2022-12-18 13:16:40 [restartedMain] INFO  : Context refreshed
2022-12-18 13:16:40 [restartedMain] INFO  : Found 1 custom documentation plugin(s)
2022-12-18 13:16:40 [restartedMain] INFO  : Scanning for api listing references
2022-12-18 13:16:40 [restartedMain] INFO  : Generating unique operation named: openapiJsonUsingGET_1
2022-12-18 13:16:40 [restartedMain] INFO  : Started AppointmentApplication in 1.121 seconds (JVM running for 1436.699)
2022-12-18 13:16:40 [restartedMain] INFO  : Condition evaluation unchanged
2022-12-18 13:16:50 [Thread-16] INFO  : Pausing ProtocolHandler ["http-nio-8091"]
2022-12-18 13:16:50 [Thread-16] INFO  : Stopping service [Tomcat]
2022-12-18 13:16:50 [Thread-16] INFO  : Stopping ProtocolHandler ["http-nio-8091"]
2022-12-18 13:16:50 [Thread-16] INFO  : Destroying ProtocolHandler ["http-nio-8091"]
2022-12-18 13:16:50 [Thread-16] INFO  : Closing JPA EntityManagerFactory for persistence unit 'default'
2022-12-18 13:16:50 [Thread-16] WARN  : Invocation of destroy method failed on bean with name 'inMemoryDatabaseShutdownExecutor': org.h2.jdbc.JdbcSQLNonTransientConnectionException: Database is already closed (to disable automatic closing at VM shutdown, add ";DB_CLOSE_ON_EXIT=FALSE" to the db URL) [90121-214]
2022-12-18 13:16:50 [Thread-16] INFO  : HikariPool-4 - Shutdown initiated...
2022-12-18 13:16:50 [Thread-16] INFO  : HikariPool-4 - Shutdown completed.
2022-12-18 13:16:50 [restartedMain] INFO  : Starting AppointmentApplication using Java 17.0.4.1 on MSI with PID 1548 (C:\Users\91786\git\repository\appointment-application\target\classes started by 91786 in C:\Users\91786\git\repository\appointment-application)
2022-12-18 13:16:50 [restartedMain] INFO  : No active profile set, falling back to 1 default profile: "default"
2022-12-18 13:16:50 [restartedMain] INFO  : Bootstrapping Spring Data JPA repositories in DEFAULT mode.
2022-12-18 13:16:50 [restartedMain] INFO  : Finished Spring Data repository scanning in 8 ms. Found 1 JPA repository interfaces.
2022-12-18 13:16:50 [restartedMain] INFO  : Tomcat initialized with port(s): 8091 (http)
2022-12-18 13:16:50 [restartedMain] INFO  : Initializing ProtocolHandler ["http-nio-8091"]
2022-12-18 13:16:50 [restartedMain] INFO  : Starting service [Tomcat]
2022-12-18 13:16:50 [restartedMain] INFO  : Starting Servlet engine: [Apache Tomcat/9.0.69]
2022-12-18 13:16:51 [restartedMain] INFO  : Initializing Spring embedded WebApplicationContext
2022-12-18 13:16:51 [restartedMain] INFO  : Root WebApplicationContext: initialization completed in 425 ms
2022-12-18 13:16:51 [restartedMain] INFO  : HikariPool-5 - Starting...
2022-12-18 13:16:51 [restartedMain] INFO  : HikariPool-5 - Start completed.
2022-12-18 13:16:51 [restartedMain] INFO  : H2 console available at '/h2-console'. Database available at 'jdbc:h2:mem:testdb'
2022-12-18 13:16:51 [restartedMain] INFO  : HHH000204: Processing PersistenceUnitInfo [name: default]
2022-12-18 13:16:51 [restartedMain] INFO  : HHH000400: Using dialect: org.hibernate.dialect.H2Dialect
2022-12-18 13:16:51 [restartedMain] INFO  : HHH000490: Using JtaPlatform implementation: [org.hibernate.engine.transaction.jta.platform.internal.NoJtaPlatform]
2022-12-18 13:16:51 [restartedMain] INFO  : Initialized JPA EntityManagerFactory for persistence unit 'default'
2022-12-18 13:16:51 [restartedMain] WARN  : spring.jpa.open-in-view is enabled by default. Therefore, database queries may be performed during view rendering. Explicitly configure spring.jpa.open-in-view to disable this warning
2022-12-18 13:16:51 [restartedMain] INFO  : Mapped URL path [/v2/api-docs] onto method [springfox.documentation.swagger2.web.Swagger2Controller#getDocumentation(String, HttpServletRequest)]
2022-12-18 13:16:51 [restartedMain] INFO  : LiveReload server is running on port 35729
2022-12-18 13:16:51 [restartedMain] INFO  : Starting ProtocolHandler ["http-nio-8091"]
2022-12-18 13:16:51 [restartedMain] INFO  : Tomcat started on port(s): 8091 (http) with context path ''
2022-12-18 13:16:51 [restartedMain] INFO  : Context refreshed
2022-12-18 13:16:51 [restartedMain] INFO  : Found 1 custom documentation plugin(s)
2022-12-18 13:16:51 [restartedMain] INFO  : Scanning for api listing references
2022-12-18 13:16:51 [restartedMain] INFO  : Generating unique operation named: openapiJsonUsingGET_1
2022-12-18 13:16:51 [restartedMain] INFO  : Started AppointmentApplication in 1.14 seconds (JVM running for 1447.61)
2022-12-18 13:16:51 [restartedMain] INFO  : Condition evaluation unchanged
2022-12-18 13:17:46 [Thread-20] INFO  : Pausing ProtocolHandler ["http-nio-8091"]
2022-12-18 13:17:46 [Thread-20] INFO  : Stopping service [Tomcat]
2022-12-18 13:17:46 [Thread-20] INFO  : Stopping ProtocolHandler ["http-nio-8091"]
2022-12-18 13:17:46 [Thread-20] INFO  : Destroying ProtocolHandler ["http-nio-8091"]
2022-12-18 13:17:46 [Thread-20] INFO  : Closing JPA EntityManagerFactory for persistence unit 'default'
2022-12-18 13:17:46 [Thread-20] WARN  : Invocation of destroy method failed on bean with name 'inMemoryDatabaseShutdownExecutor': org.h2.jdbc.JdbcSQLNonTransientConnectionException: Database is already closed (to disable automatic closing at VM shutdown, add ";DB_CLOSE_ON_EXIT=FALSE" to the db URL) [90121-214]
2022-12-18 13:17:46 [Thread-20] INFO  : HikariPool-5 - Shutdown initiated...
2022-12-18 13:17:46 [Thread-20] INFO  : HikariPool-5 - Shutdown completed.
2022-12-18 13:17:46 [restartedMain] INFO  : Starting AppointmentApplication using Java 17.0.4.1 on MSI with PID 1548 (C:\Users\91786\git\repository\appointment-application\target\classes started by 91786 in C:\Users\91786\git\repository\appointment-application)
2022-12-18 13:17:46 [restartedMain] INFO  : No active profile set, falling back to 1 default profile: "default"
2022-12-18 13:17:46 [restartedMain] INFO  : Bootstrapping Spring Data JPA repositories in DEFAULT mode.
2022-12-18 13:17:46 [restartedMain] INFO  : Finished Spring Data repository scanning in 27 ms. Found 1 JPA repository interfaces.
2022-12-18 13:17:46 [restartedMain] INFO  : Tomcat initialized with port(s): 8091 (http)
2022-12-18 13:17:46 [restartedMain] INFO  : Initializing ProtocolHandler ["http-nio-8091"]
2022-12-18 13:17:46 [restartedMain] INFO  : Starting service [Tomcat]
2022-12-18 13:17:46 [restartedMain] INFO  : Starting Servlet engine: [Apache Tomcat/9.0.69]
2022-12-18 13:17:46 [restartedMain] INFO  : Initializing Spring embedded WebApplicationContext
2022-12-18 13:17:46 [restartedMain] INFO  : Root WebApplicationContext: initialization completed in 413 ms
2022-12-18 13:17:46 [restartedMain] INFO  : HikariPool-6 - Starting...
2022-12-18 13:17:46 [restartedMain] INFO  : HikariPool-6 - Start completed.
2022-12-18 13:17:46 [restartedMain] INFO  : H2 console available at '/h2-console'. Database available at 'jdbc:h2:mem:testdb'
2022-12-18 13:17:46 [restartedMain] INFO  : HHH000204: Processing PersistenceUnitInfo [name: default]
2022-12-18 13:17:46 [restartedMain] INFO  : HHH000400: Using dialect: org.hibernate.dialect.H2Dialect
2022-12-18 13:17:46 [restartedMain] INFO  : HHH000490: Using JtaPlatform implementation: [org.hibernate.engine.transaction.jta.platform.internal.NoJtaPlatform]
2022-12-18 13:17:46 [restartedMain] INFO  : Initialized JPA EntityManagerFactory for persistence unit 'default'
2022-12-18 13:17:46 [restartedMain] WARN  : spring.jpa.open-in-view is enabled by default. Therefore, database queries may be performed during view rendering. Explicitly configure spring.jpa.open-in-view to disable this warning
2022-12-18 13:17:46 [restartedMain] INFO  : Mapped URL path [/v2/api-docs] onto method [springfox.documentation.swagger2.web.Swagger2Controller#getDocumentation(String, HttpServletRequest)]
2022-12-18 13:17:47 [restartedMain] INFO  : LiveReload server is running on port 35729
2022-12-18 13:17:47 [restartedMain] INFO  : Starting ProtocolHandler ["http-nio-8091"]
2022-12-18 13:17:47 [restartedMain] INFO  : Tomcat started on port(s): 8091 (http) with context path ''
2022-12-18 13:17:47 [restartedMain] INFO  : Context refreshed
2022-12-18 13:17:47 [restartedMain] INFO  : Found 1 custom documentation plugin(s)
2022-12-18 13:17:47 [restartedMain] INFO  : Scanning for api listing references
2022-12-18 13:17:47 [restartedMain] INFO  : Generating unique operation named: openapiJsonUsingGET_1
2022-12-18 13:17:47 [restartedMain] INFO  : Started AppointmentApplication in 1.135 seconds (JVM running for 1503.367)
2022-12-18 13:17:47 [restartedMain] INFO  : Condition evaluation unchanged
2022-12-18 13:17:58 [Thread-24] INFO  : Pausing ProtocolHandler ["http-nio-8091"]
2022-12-18 13:17:58 [Thread-24] INFO  : Stopping service [Tomcat]
2022-12-18 13:17:58 [Thread-24] INFO  : Stopping ProtocolHandler ["http-nio-8091"]
2022-12-18 13:17:58 [Thread-24] INFO  : Destroying ProtocolHandler ["http-nio-8091"]
2022-12-18 13:17:58 [Thread-24] INFO  : Closing JPA EntityManagerFactory for persistence unit 'default'
2022-12-18 13:17:59 [Thread-24] WARN  : Invocation of destroy method failed on bean with name 'inMemoryDatabaseShutdownExecutor': org.h2.jdbc.JdbcSQLNonTransientConnectionException: Database is already closed (to disable automatic closing at VM shutdown, add ";DB_CLOSE_ON_EXIT=FALSE" to the db URL) [90121-214]
2022-12-18 13:17:59 [Thread-24] INFO  : HikariPool-6 - Shutdown initiated...
2022-12-18 13:17:59 [Thread-24] INFO  : HikariPool-6 - Shutdown completed.
2022-12-18 13:17:59 [restartedMain] INFO  : Starting AppointmentApplication using Java 17.0.4.1 on MSI with PID 1548 (C:\Users\91786\git\repository\appointment-application\target\classes started by 91786 in C:\Users\91786\git\repository\appointment-application)
2022-12-18 13:17:59 [restartedMain] INFO  : No active profile set, falling back to 1 default profile: "default"
2022-12-18 13:17:59 [restartedMain] INFO  : Bootstrapping Spring Data JPA repositories in DEFAULT mode.
2022-12-18 13:17:59 [restartedMain] INFO  : Finished Spring Data repository scanning in 9 ms. Found 1 JPA repository interfaces.
2022-12-18 13:17:59 [restartedMain] INFO  : Tomcat initialized with port(s): 8091 (http)
2022-12-18 13:17:59 [restartedMain] INFO  : Initializing ProtocolHandler ["http-nio-8091"]
2022-12-18 13:17:59 [restartedMain] INFO  : Starting service [Tomcat]
2022-12-18 13:17:59 [restartedMain] INFO  : Starting Servlet engine: [Apache Tomcat/9.0.69]
2022-12-18 13:17:59 [restartedMain] INFO  : Initializing Spring embedded WebApplicationContext
2022-12-18 13:17:59 [restartedMain] INFO  : Root WebApplicationContext: initialization completed in 446 ms
2022-12-18 13:17:59 [restartedMain] INFO  : HikariPool-7 - Starting...
2022-12-18 13:17:59 [restartedMain] INFO  : HikariPool-7 - Start completed.
2022-12-18 13:17:59 [restartedMain] INFO  : H2 console available at '/h2-console'. Database available at 'jdbc:h2:mem:testdb'
2022-12-18 13:17:59 [restartedMain] INFO  : HHH000204: Processing PersistenceUnitInfo [name: default]
2022-12-18 13:17:59 [restartedMain] INFO  : HHH000400: Using dialect: org.hibernate.dialect.H2Dialect
2022-12-18 13:17:59 [restartedMain] INFO  : HHH000490: Using JtaPlatform implementation: [org.hibernate.engine.transaction.jta.platform.internal.NoJtaPlatform]
2022-12-18 13:17:59 [restartedMain] INFO  : Initialized JPA EntityManagerFactory for persistence unit 'default'
2022-12-18 13:17:59 [restartedMain] WARN  : spring.jpa.open-in-view is enabled by default. Therefore, database queries may be performed during view rendering. Explicitly configure spring.jpa.open-in-view to disable this warning
2022-12-18 13:17:59 [restartedMain] INFO  : Mapped URL path [/v2/api-docs] onto method [springfox.documentation.swagger2.web.Swagger2Controller#getDocumentation(String, HttpServletRequest)]
2022-12-18 13:17:59 [restartedMain] INFO  : LiveReload server is running on port 35729
2022-12-18 13:18:00 [restartedMain] INFO  : Starting ProtocolHandler ["http-nio-8091"]
2022-12-18 13:18:00 [restartedMain] INFO  : Tomcat started on port(s): 8091 (http) with context path ''
2022-12-18 13:18:00 [restartedMain] INFO  : Context refreshed
2022-12-18 13:18:00 [restartedMain] INFO  : Found 1 custom documentation plugin(s)
2022-12-18 13:18:00 [restartedMain] INFO  : Scanning for api listing references
2022-12-18 13:18:00 [restartedMain] INFO  : Generating unique operation named: openapiJsonUsingGET_1
2022-12-18 13:18:00 [restartedMain] INFO  : Started AppointmentApplication in 1.177 seconds (JVM running for 1516.246)
2022-12-18 13:18:00 [restartedMain] INFO  : Condition evaluation unchanged
2022-12-18 13:18:54 [RMI TCP Connection(29)-127.0.0.1] INFO  : Application shutdown requested.
2022-12-18 13:18:54 [RMI TCP Connection(29)-127.0.0.1] INFO  : Pausing ProtocolHandler ["http-nio-8091"]
2022-12-18 13:18:54 [RMI TCP Connection(29)-127.0.0.1] INFO  : Stopping service [Tomcat]
2022-12-18 13:18:54 [RMI TCP Connection(29)-127.0.0.1] INFO  : Stopping ProtocolHandler ["http-nio-8091"]
2022-12-18 13:18:54 [RMI TCP Connection(29)-127.0.0.1] INFO  : Destroying ProtocolHandler ["http-nio-8091"]
2022-12-18 13:18:54 [RMI TCP Connection(29)-127.0.0.1] INFO  : Closing JPA EntityManagerFactory for persistence unit 'default'
2022-12-18 13:18:55 [HikariPool-7 connection adder] ERROR : HikariPool-7 - Error thrown while acquiring connection from data source
org.h2.jdbc.JdbcSQLNonTransientConnectionException: The database is open in exclusive mode; can not open additional connections [90135-214]
	at org.h2.message.DbException.getJdbcSQLException(DbException.java:678)
	at org.h2.message.DbException.getJdbcSQLException(DbException.java:477)
	at org.h2.message.DbException.get(DbException.java:223)
	at org.h2.message.DbException.get(DbException.java:199)
	at org.h2.message.DbException.get(DbException.java:188)
	at org.h2.engine.SessionLocal.checkSuspended(SessionLocal.java:1240)
	at org.h2.engine.SessionLocal.transitionToState(SessionLocal.java:1232)
	at org.h2.engine.SessionLocal.setCurrentCommand(SessionLocal.java:1210)
	at org.h2.engine.SessionLocal.startStatementWithinTransaction(SessionLocal.java:1658)
	at org.h2.command.Command.executeQuery(Command.java:184)
	at org.h2.jdbc.JdbcConnection.isReadOnly(JdbcConnection.java:538)
	at com.zaxxer.hikari.pool.PoolBase.setupConnection(PoolBase.java:408)
	at com.zaxxer.hikari.pool.PoolBase.newConnection(PoolBase.java:369)
	at com.zaxxer.hikari.pool.PoolBase.newPoolEntry(PoolBase.java:206)
	at com.zaxxer.hikari.pool.HikariPool.createPoolEntry(HikariPool.java:476)
	at com.zaxxer.hikari.pool.HikariPool.access$100(HikariPool.java:71)
	at com.zaxxer.hikari.pool.HikariPool$PoolEntryCreator.call(HikariPool.java:726)
	at com.zaxxer.hikari.pool.HikariPool$PoolEntryCreator.call(HikariPool.java:712)
	at java.base/java.util.concurrent.FutureTask.run(FutureTask.java:264)
	at java.base/java.util.concurrent.ThreadPoolExecutor.runWorker(ThreadPoolExecutor.java:1136)
	at java.base/java.util.concurrent.ThreadPoolExecutor$Worker.run(ThreadPoolExecutor.java:635)
	at java.base/java.lang.Thread.run(Thread.java:833)
2022-12-18 13:18:55 [RMI TCP Connection(29)-127.0.0.1] WARN  : Invocation of destroy method failed on bean with name 'inMemoryDatabaseShutdownExecutor': org.h2.jdbc.JdbcSQLNonTransientConnectionException: Database is already closed (to disable automatic closing at VM shutdown, add ";DB_CLOSE_ON_EXIT=FALSE" to the db URL) [90121-214]
2022-12-18 13:18:55 [RMI TCP Connection(29)-127.0.0.1] INFO  : HikariPool-7 - Shutdown initiated...
2022-12-18 13:18:55 [RMI TCP Connection(29)-127.0.0.1] INFO  : HikariPool-7 - Shutdown completed.
2022-12-18 13:19:09 [background-preinit] INFO  : HV000001: Hibernate Validator 6.2.5.Final
2022-12-18 13:19:09 [restartedMain] INFO  : Starting AppointmentApplication using Java 17.0.4.1 on MSI with PID 15772 (C:\Users\91786\git\repository\appointment-application\target\classes started by 91786 in C:\Users\91786\git\repository\appointment-application)
2022-12-18 13:19:09 [restartedMain] INFO  : No active profile set, falling back to 1 default profile: "default"
2022-12-18 13:19:09 [restartedMain] INFO  : Devtools property defaults active! Set 'spring.devtools.add-properties' to 'false' to disable
2022-12-18 13:19:09 [restartedMain] INFO  : For additional web related logging consider setting the 'logging.level.web' property to 'DEBUG'
2022-12-18 13:19:11 [restartedMain] INFO  : Bootstrapping Spring Data JPA repositories in DEFAULT mode.
2022-12-18 13:19:11 [restartedMain] INFO  : Finished Spring Data repository scanning in 49 ms. Found 1 JPA repository interfaces.
2022-12-18 13:19:11 [restartedMain] INFO  : Tomcat initialized with port(s): 8091 (http)
2022-12-18 13:19:11 [restartedMain] INFO  : Initializing ProtocolHandler ["http-nio-8091"]
2022-12-18 13:19:11 [restartedMain] INFO  : Starting service [Tomcat]
2022-12-18 13:19:11 [restartedMain] INFO  : Starting Servlet engine: [Apache Tomcat/9.0.69]
2022-12-18 13:19:11 [restartedMain] INFO  : Initializing Spring embedded WebApplicationContext
2022-12-18 13:19:11 [restartedMain] INFO  : Root WebApplicationContext: initialization completed in 1990 ms
2022-12-18 13:19:11 [restartedMain] INFO  : HikariPool-1 - Starting...
2022-12-18 13:19:12 [restartedMain] INFO  : HikariPool-1 - Start completed.
2022-12-18 13:19:12 [restartedMain] INFO  : H2 console available at '/h2-console'. Database available at 'jdbc:h2:mem:testdb'
2022-12-18 13:19:12 [restartedMain] INFO  : HHH000204: Processing PersistenceUnitInfo [name: default]
2022-12-18 13:19:12 [restartedMain] INFO  : HHH000412: Hibernate ORM core version 5.6.14.Final
2022-12-18 13:19:12 [restartedMain] INFO  : HCANN000001: Hibernate Commons Annotations {5.1.2.Final}
2022-12-18 13:19:12 [restartedMain] INFO  : HHH000400: Using dialect: org.hibernate.dialect.H2Dialect
2022-12-18 13:19:13 [restartedMain] INFO  : HHH000490: Using JtaPlatform implementation: [org.hibernate.engine.transaction.jta.platform.internal.NoJtaPlatform]
2022-12-18 13:19:13 [restartedMain] INFO  : Initialized JPA EntityManagerFactory for persistence unit 'default'
2022-12-18 13:19:14 [restartedMain] WARN  : spring.jpa.open-in-view is enabled by default. Therefore, database queries may be performed during view rendering. Explicitly configure spring.jpa.open-in-view to disable this warning
2022-12-18 13:19:14 [restartedMain] INFO  : Mapped URL path [/v2/api-docs] onto method [springfox.documentation.swagger2.web.Swagger2Controller#getDocumentation(String, HttpServletRequest)]
2022-12-18 13:19:14 [restartedMain] INFO  : LiveReload server is running on port 35729
2022-12-18 13:19:15 [restartedMain] INFO  : Starting ProtocolHandler ["http-nio-8091"]
2022-12-18 13:19:15 [restartedMain] INFO  : Tomcat started on port(s): 8091 (http) with context path ''
2022-12-18 13:19:15 [restartedMain] INFO  : Context refreshed
2022-12-18 13:19:15 [restartedMain] INFO  : Found 1 custom documentation plugin(s)
2022-12-18 13:19:15 [restartedMain] INFO  : Scanning for api listing references
2022-12-18 13:19:15 [restartedMain] INFO  : Generating unique operation named: openapiJsonUsingGET_1
2022-12-18 13:19:15 [restartedMain] INFO  : Started AppointmentApplication in 6.506 seconds (JVM running for 7.587)
2022-12-18 13:19:24 [http-nio-8091-exec-5] INFO  : Initializing Spring DispatcherServlet 'dispatcherServlet'
2022-12-18 13:19:24 [http-nio-8091-exec-5] INFO  : Initializing Servlet 'dispatcherServlet'
2022-12-18 13:19:24 [http-nio-8091-exec-5] INFO  : Completed initialization in 3 ms
2022-12-18 13:20:12 [http-nio-8091-exec-9] INFO  : Inside AppointmentController.addAppointmentDetails
2022-12-18 13:20:12 [http-nio-8091-exec-9] INFO  : Inside AppointmentServiceImpl.addAppointmentDetails
2022-12-18 13:20:35 [http-nio-8091-exec-10] INFO  : Inside AppointmentController.update
2022-12-18 13:20:35 [http-nio-8091-exec-10] INFO  : Inside AppointmentServiceImpl.updateAppointmentDetails
2022-12-18 13:21:37 [http-nio-8091-exec-3] INFO  : Inside AppointmentController.partialUpdate
2022-12-18 13:21:37 [http-nio-8091-exec-3] INFO  : Inside AppointmentServiceImpl.updatePartialAppointmentDetails
2022-12-18 13:24:47 [RMI TCP Connection(9)-127.0.0.1] INFO  : Application shutdown requested.
2022-12-18 13:24:47 [RMI TCP Connection(9)-127.0.0.1] INFO  : Pausing ProtocolHandler ["http-nio-8091"]
2022-12-18 13:24:47 [RMI TCP Connection(9)-127.0.0.1] INFO  : Stopping service [Tomcat]
2022-12-18 13:24:47 [RMI TCP Connection(9)-127.0.0.1] INFO  : Destroying Spring FrameworkServlet 'dispatcherServlet'
2022-12-18 13:24:47 [RMI TCP Connection(9)-127.0.0.1] INFO  : Stopping ProtocolHandler ["http-nio-8091"]
2022-12-18 13:24:47 [RMI TCP Connection(9)-127.0.0.1] INFO  : Destroying ProtocolHandler ["http-nio-8091"]
2022-12-18 13:24:47 [RMI TCP Connection(9)-127.0.0.1] INFO  : Closing JPA EntityManagerFactory for persistence unit 'default'
2022-12-18 13:24:48 [HikariPool-1 connection adder] ERROR : HikariPool-1 - Error thrown while acquiring connection from data source
org.h2.jdbc.JdbcSQLNonTransientConnectionException: The database is open in exclusive mode; can not open additional connections [90135-214]
	at org.h2.message.DbException.getJdbcSQLException(DbException.java:678)
	at org.h2.message.DbException.getJdbcSQLException(DbException.java:477)
	at org.h2.message.DbException.get(DbException.java:223)
	at org.h2.message.DbException.get(DbException.java:199)
	at org.h2.message.DbException.get(DbException.java:188)
	at org.h2.engine.SessionLocal.checkSuspended(SessionLocal.java:1240)
	at org.h2.engine.SessionLocal.transitionToState(SessionLocal.java:1232)
	at org.h2.engine.SessionLocal.waitIfExclusiveModeEnabled(SessionLocal.java:1480)
	at org.h2.command.Command.executeQuery(Command.java:180)
	at org.h2.jdbc.JdbcConnection.isReadOnly(JdbcConnection.java:538)
	at com.zaxxer.hikari.pool.PoolBase.setupConnection(PoolBase.java:408)
	at com.zaxxer.hikari.pool.PoolBase.newConnection(PoolBase.java:369)
	at com.zaxxer.hikari.pool.PoolBase.newPoolEntry(PoolBase.java:206)
	at com.zaxxer.hikari.pool.HikariPool.createPoolEntry(HikariPool.java:476)
	at com.zaxxer.hikari.pool.HikariPool.access$100(HikariPool.java:71)
	at com.zaxxer.hikari.pool.HikariPool$PoolEntryCreator.call(HikariPool.java:726)
	at com.zaxxer.hikari.pool.HikariPool$PoolEntryCreator.call(HikariPool.java:712)
	at java.base/java.util.concurrent.FutureTask.run(FutureTask.java:264)
	at java.base/java.util.concurrent.ThreadPoolExecutor.runWorker(ThreadPoolExecutor.java:1136)
	at java.base/java.util.concurrent.ThreadPoolExecutor$Worker.run(ThreadPoolExecutor.java:635)
	at java.base/java.lang.Thread.run(Thread.java:833)
2022-12-18 13:24:48 [RMI TCP Connection(9)-127.0.0.1] WARN  : Invocation of destroy method failed on bean with name 'inMemoryDatabaseShutdownExecutor': org.h2.jdbc.JdbcSQLNonTransientConnectionException: Database is already closed (to disable automatic closing at VM shutdown, add ";DB_CLOSE_ON_EXIT=FALSE" to the db URL) [90121-214]
2022-12-18 13:24:48 [RMI TCP Connection(9)-127.0.0.1] INFO  : HikariPool-1 - Shutdown initiated...
2022-12-18 13:24:48 [RMI TCP Connection(9)-127.0.0.1] INFO  : HikariPool-1 - Shutdown completed.
