2022-12-08 21:21:30 [restartedMain] INFO  : Starting AppointmentApplication using Java 17.0.4.1 on MSI with PID 17288 (C:\Users\91786\git\repository\appointment-application\target\classes started by 91786 in C:\Users\91786\git\repository\appointment-application)
2022-12-08 21:21:30 [background-preinit] INFO  : HV000001: Hibernate Validator 6.2.5.Final
2022-12-08 21:21:30 [restartedMain] INFO  : No active profile set, falling back to 1 default profile: "default"
2022-12-08 21:21:30 [restartedMain] INFO  : Devtools property defaults active! Set 'spring.devtools.add-properties' to 'false' to disable
2022-12-08 21:21:30 [restartedMain] INFO  : For additional web related logging consider setting the 'logging.level.web' property to 'DEBUG'
2022-12-08 21:21:32 [restartedMain] INFO  : Bootstrapping Spring Data JPA repositories in DEFAULT mode.
2022-12-08 21:21:32 [restartedMain] INFO  : Finished Spring Data repository scanning in 92 ms. Found 1 JPA repository interfaces.
2022-12-08 21:21:33 [restartedMain] INFO  : Tomcat initialized with port(s): 8091 (http)
2022-12-08 21:21:33 [restartedMain] INFO  : Initializing ProtocolHandler ["http-nio-8091"]
2022-12-08 21:21:33 [restartedMain] INFO  : Starting service [Tomcat]
2022-12-08 21:21:33 [restartedMain] INFO  : Starting Servlet engine: [Apache Tomcat/9.0.69]
2022-12-08 21:21:33 [restartedMain] INFO  : Initializing Spring embedded WebApplicationContext
2022-12-08 21:21:33 [restartedMain] INFO  : Root WebApplicationContext: initialization completed in 2928 ms
2022-12-08 21:21:33 [restartedMain] INFO  : HikariPool-1 - Starting...
2022-12-08 21:21:34 [restartedMain] INFO  : HikariPool-1 - Start completed.
2022-12-08 21:21:34 [restartedMain] INFO  : H2 console available at '/h2-console'. Database available at 'jdbc:h2:mem:testdb'
2022-12-08 21:21:34 [restartedMain] INFO  : HHH000204: Processing PersistenceUnitInfo [name: default]
2022-12-08 21:21:34 [restartedMain] INFO  : HHH000412: Hibernate ORM core version 5.6.14.Final
2022-12-08 21:21:34 [restartedMain] INFO  : HCANN000001: Hibernate Commons Annotations {5.1.2.Final}
2022-12-08 21:21:35 [restartedMain] INFO  : HHH000400: Using dialect: org.hibernate.dialect.H2Dialect
2022-12-08 21:21:36 [restartedMain] INFO  : HHH000490: Using JtaPlatform implementation: [org.hibernate.engine.transaction.jta.platform.internal.NoJtaPlatform]
2022-12-08 21:21:36 [restartedMain] INFO  : Initialized JPA EntityManagerFactory for persistence unit 'default'
2022-12-08 21:21:37 [restartedMain] WARN  : spring.jpa.open-in-view is enabled by default. Therefore, database queries may be performed during view rendering. Explicitly configure spring.jpa.open-in-view to disable this warning
2022-12-08 21:21:37 [restartedMain] INFO  : Mapped URL path [/v2/api-docs] onto method [springfox.documentation.swagger2.web.Swagger2Controller#getDocumentation(String, HttpServletRequest)]
2022-12-08 21:21:37 [restartedMain] INFO  : LiveReload server is running on port 35729
2022-12-08 21:21:38 [restartedMain] INFO  : Starting ProtocolHandler ["http-nio-8091"]
2022-12-08 21:21:38 [restartedMain] INFO  : Tomcat started on port(s): 8091 (http) with context path ''
2022-12-08 21:21:38 [restartedMain] INFO  : Context refreshed
2022-12-08 21:21:38 [restartedMain] INFO  : Found 1 custom documentation plugin(s)
2022-12-08 21:21:38 [restartedMain] INFO  : Scanning for api listing references
2022-12-08 21:21:39 [restartedMain] INFO  : Generating unique operation named: openapiJsonUsingGET_1
2022-12-08 21:21:39 [restartedMain] INFO  : Started AppointmentApplication in 9.317 seconds (JVM running for 10.676)
2022-12-08 21:22:01 [http-nio-8091-exec-1] INFO  : Initializing Spring DispatcherServlet 'dispatcherServlet'
2022-12-08 21:22:01 [http-nio-8091-exec-1] INFO  : Initializing Servlet 'dispatcherServlet'
2022-12-08 21:22:01 [http-nio-8091-exec-1] INFO  : Completed initialization in 3 ms
2022-12-08 21:22:01 [http-nio-8091-exec-1] WARN  : Resolved [org.springframework.web.bind.MethodArgumentNotValidException: Validation failed for argument [0] in public org.springframework.http.ResponseEntity<com.assessment.appointment.application.entity.Appointment> com.assessment.appointment.application.controller.AppointmentController.addAppointmentDetails(com.assessment.appointment.application.entity.Appointment): [Field error in object 'appointment' on field 'appointmentTime': rejected value [null]; codes [NotEmpty.appointment.appointmentTime,NotEmpty.appointmentTime,NotEmpty.java.lang.String,NotEmpty]; arguments [org.springframework.context.support.DefaultMessageSourceResolvable: codes [appointment.appointmentTime,appointmentTime]; arguments []; default message [appointmentTime]]; default message [must not be empty]] ]
2022-12-08 21:22:12 [http-nio-8091-exec-4] INFO  : Inside AppointmentController.addAppointmentDetails
2022-12-08 21:22:12 [http-nio-8091-exec-4] INFO  : Inside AppointmentServiceImpl.addAppointmentDetails
2022-12-08 21:22:21 [http-nio-8091-exec-7] INFO  : Inside AppointmentController.addAppointmentDetails
2022-12-08 21:22:21 [http-nio-8091-exec-7] INFO  : Inside AppointmentServiceImpl.addAppointmentDetails
2022-12-08 21:22:26 [http-nio-8091-exec-6] INFO  : Inside AppointmentController.addAppointmentDetails
2022-12-08 21:22:26 [http-nio-8091-exec-6] INFO  : Inside AppointmentServiceImpl.addAppointmentDetails
2022-12-08 21:22:41 [RMI TCP Connection(3)-127.0.0.1] INFO  : Application shutdown requested.
2022-12-08 21:22:42 [RMI TCP Connection(3)-127.0.0.1] INFO  : Pausing ProtocolHandler ["http-nio-8091"]
2022-12-08 21:22:42 [RMI TCP Connection(3)-127.0.0.1] INFO  : Stopping service [Tomcat]
2022-12-08 21:22:42 [RMI TCP Connection(3)-127.0.0.1] INFO  : Destroying Spring FrameworkServlet 'dispatcherServlet'
2022-12-08 21:22:42 [RMI TCP Connection(3)-127.0.0.1] INFO  : Stopping ProtocolHandler ["http-nio-8091"]
2022-12-08 21:22:42 [RMI TCP Connection(3)-127.0.0.1] INFO  : Destroying ProtocolHandler ["http-nio-8091"]
2022-12-08 21:22:42 [RMI TCP Connection(3)-127.0.0.1] INFO  : Closing JPA EntityManagerFactory for persistence unit 'default'
2022-12-08 21:22:42 [HikariPool-1 connection adder] ERROR : HikariPool-1 - Error thrown while acquiring connection from data source
org.h2.jdbc.JdbcSQLNonTransientConnectionException: The database is open in exclusive mode; can not open additional connections [90135-214]
	at org.h2.message.DbException.getJdbcSQLException(DbException.java:678)
	at org.h2.message.DbException.getJdbcSQLException(DbException.java:477)
	at org.h2.message.DbException.get(DbException.java:223)
	at org.h2.message.DbException.get(DbException.java:199)
	at org.h2.message.DbException.get(DbException.java:188)
	at org.h2.engine.SessionLocal.checkSuspended(SessionLocal.java:1240)
	at org.h2.engine.SessionLocal.transitionToState(SessionLocal.java:1232)
	at org.h2.engine.SessionLocal.setCurrentCommand(SessionLocal.java:1210)
	at org.h2.engine.SessionLocal.startStatementWithinTransaction(SessionLocal.java:1658)
	at org.h2.command.Command.executeQuery(Command.java:184)
	at org.h2.jdbc.JdbcConnection.isReadOnly(JdbcConnection.java:538)
	at com.zaxxer.hikari.pool.PoolBase.setupConnection(PoolBase.java:408)
	at com.zaxxer.hikari.pool.PoolBase.newConnection(PoolBase.java:369)
	at com.zaxxer.hikari.pool.PoolBase.newPoolEntry(PoolBase.java:206)
	at com.zaxxer.hikari.pool.HikariPool.createPoolEntry(HikariPool.java:476)
	at com.zaxxer.hikari.pool.HikariPool.access$100(HikariPool.java:71)
	at com.zaxxer.hikari.pool.HikariPool$PoolEntryCreator.call(HikariPool.java:726)
	at com.zaxxer.hikari.pool.HikariPool$PoolEntryCreator.call(HikariPool.java:712)
	at java.base/java.util.concurrent.FutureTask.run(FutureTask.java:264)
	at java.base/java.util.concurrent.ThreadPoolExecutor.runWorker(ThreadPoolExecutor.java:1136)
	at java.base/java.util.concurrent.ThreadPoolExecutor$Worker.run(ThreadPoolExecutor.java:635)
	at java.base/java.lang.Thread.run(Thread.java:833)
2022-12-08 21:22:42 [RMI TCP Connection(3)-127.0.0.1] WARN  : Invocation of destroy method failed on bean with name 'inMemoryDatabaseShutdownExecutor': org.h2.jdbc.JdbcSQLNonTransientConnectionException: Database is already closed (to disable automatic closing at VM shutdown, add ";DB_CLOSE_ON_EXIT=FALSE" to the db URL) [90121-214]
2022-12-08 21:22:42 [RMI TCP Connection(3)-127.0.0.1] INFO  : HikariPool-1 - Shutdown initiated...
2022-12-08 21:22:42 [RMI TCP Connection(3)-127.0.0.1] INFO  : HikariPool-1 - Shutdown completed.
2022-12-08 21:22:48 [background-preinit] INFO  : HV000001: Hibernate Validator 6.2.5.Final
2022-12-08 21:22:48 [restartedMain] INFO  : Starting AppointmentApplication using Java 17.0.4.1 on MSI with PID 13820 (C:\Users\91786\git\repository\appointment-application\target\classes started by 91786 in C:\Users\91786\git\repository\appointment-application)
2022-12-08 21:22:48 [restartedMain] INFO  : No active profile set, falling back to 1 default profile: "default"
2022-12-08 21:22:49 [restartedMain] INFO  : Devtools property defaults active! Set 'spring.devtools.add-properties' to 'false' to disable
2022-12-08 21:22:49 [restartedMain] INFO  : For additional web related logging consider setting the 'logging.level.web' property to 'DEBUG'
2022-12-08 21:22:50 [restartedMain] INFO  : Bootstrapping Spring Data JPA repositories in DEFAULT mode.
2022-12-08 21:22:50 [restartedMain] INFO  : Finished Spring Data repository scanning in 58 ms. Found 1 JPA repository interfaces.
2022-12-08 21:22:51 [restartedMain] INFO  : Tomcat initialized with port(s): 8091 (http)
2022-12-08 21:22:51 [restartedMain] INFO  : Initializing ProtocolHandler ["http-nio-8091"]
2022-12-08 21:22:51 [restartedMain] INFO  : Starting service [Tomcat]
2022-12-08 21:22:51 [restartedMain] INFO  : Starting Servlet engine: [Apache Tomcat/9.0.69]
2022-12-08 21:22:51 [restartedMain] INFO  : Initializing Spring embedded WebApplicationContext
2022-12-08 21:22:51 [restartedMain] INFO  : Root WebApplicationContext: initialization completed in 2323 ms
2022-12-08 21:22:51 [restartedMain] INFO  : HikariPool-1 - Starting...
2022-12-08 21:22:51 [restartedMain] INFO  : HikariPool-1 - Start completed.
2022-12-08 21:22:51 [restartedMain] INFO  : H2 console available at '/h2-console'. Database available at 'jdbc:h2:mem:testdb'
2022-12-08 21:22:51 [restartedMain] INFO  : HHH000204: Processing PersistenceUnitInfo [name: default]
2022-12-08 21:22:51 [restartedMain] INFO  : HHH000412: Hibernate ORM core version 5.6.14.Final
2022-12-08 21:22:52 [restartedMain] INFO  : HCANN000001: Hibernate Commons Annotations {5.1.2.Final}
2022-12-08 21:22:52 [restartedMain] INFO  : HHH000400: Using dialect: org.hibernate.dialect.H2Dialect
2022-12-08 21:22:53 [restartedMain] INFO  : HHH000490: Using JtaPlatform implementation: [org.hibernate.engine.transaction.jta.platform.internal.NoJtaPlatform]
2022-12-08 21:22:53 [restartedMain] INFO  : Initialized JPA EntityManagerFactory for persistence unit 'default'
2022-12-08 21:22:54 [restartedMain] WARN  : spring.jpa.open-in-view is enabled by default. Therefore, database queries may be performed during view rendering. Explicitly configure spring.jpa.open-in-view to disable this warning
2022-12-08 21:22:54 [restartedMain] INFO  : Mapped URL path [/v2/api-docs] onto method [springfox.documentation.swagger2.web.Swagger2Controller#getDocumentation(String, HttpServletRequest)]
2022-12-08 21:22:54 [restartedMain] INFO  : LiveReload server is running on port 35729
2022-12-08 21:22:55 [restartedMain] INFO  : Starting ProtocolHandler ["http-nio-8091"]
2022-12-08 21:22:55 [restartedMain] INFO  : Tomcat started on port(s): 8091 (http) with context path ''
2022-12-08 21:22:55 [restartedMain] INFO  : Context refreshed
2022-12-08 21:22:55 [restartedMain] INFO  : Found 1 custom documentation plugin(s)
2022-12-08 21:22:55 [restartedMain] INFO  : Scanning for api listing references
2022-12-08 21:22:55 [restartedMain] INFO  : Generating unique operation named: openapiJsonUsingGET_1
2022-12-08 21:22:55 [restartedMain] INFO  : Started AppointmentApplication in 7.59 seconds (JVM running for 8.823)
2022-12-08 21:23:08 [http-nio-8091-exec-1] INFO  : Initializing Spring DispatcherServlet 'dispatcherServlet'
2022-12-08 21:23:08 [http-nio-8091-exec-1] INFO  : Initializing Servlet 'dispatcherServlet'
2022-12-08 21:23:08 [http-nio-8091-exec-1] INFO  : Completed initialization in 2 ms
2022-12-08 21:23:08 [http-nio-8091-exec-1] INFO  : Inside AppointmentController.addAppointmentDetails
2022-12-08 21:23:08 [http-nio-8091-exec-1] INFO  : Inside AppointmentServiceImpl.addAppointmentDetails
2022-12-08 21:23:09 [http-nio-8091-exec-1] ERROR : Servlet.service() for servlet [dispatcherServlet] in context with path [] threw exception [Request processing failed; nested exception is org.springframework.transaction.TransactionSystemException: Could not commit JPA transaction; nested exception is javax.persistence.RollbackException: Error while committing the transaction] with root cause
javax.validation.ConstraintViolationException: Validation failed for classes [com.assessment.appointment.application.entity.Appointment] during persist time for groups [javax.validation.groups.Default, ]
List of constraint violations:[
	ConstraintViolationImpl{interpolatedMessage='must not be empty', propertyPath=appointmentTime, rootBeanClass=class com.assessment.appointment.application.entity.Appointment, messageTemplate='{javax.validation.constraints.NotEmpty.message}'}
]
	at org.hibernate.cfg.beanvalidation.BeanValidationEventListener.validate(BeanValidationEventListener.java:140)
	at org.hibernate.cfg.beanvalidation.BeanValidationEventListener.onPreInsert(BeanValidationEventListener.java:80)
	at org.hibernate.action.internal.EntityInsertAction.preInsert(EntityInsertAction.java:214)
	at org.hibernate.action.internal.EntityInsertAction.execute(EntityInsertAction.java:100)
	at org.hibernate.engine.spi.ActionQueue.executeActions(ActionQueue.java:604)
	at org.hibernate.engine.spi.ActionQueue.lambda$executeActions$1(ActionQueue.java:478)
	at java.base/java.util.LinkedHashMap.forEach(LinkedHashMap.java:721)
	at org.hibernate.engine.spi.ActionQueue.executeActions(ActionQueue.java:475)
	at org.hibernate.event.internal.AbstractFlushingEventListener.performExecutions(AbstractFlushingEventListener.java:344)
	at org.hibernate.event.internal.DefaultFlushEventListener.onFlush(DefaultFlushEventListener.java:40)
	at org.hibernate.event.service.internal.EventListenerGroupImpl.fireEventOnEachListener(EventListenerGroupImpl.java:107)
	at org.hibernate.internal.SessionImpl.doFlush(SessionImpl.java:1407)
	at org.hibernate.internal.SessionImpl.managedFlush(SessionImpl.java:489)
	at org.hibernate.internal.SessionImpl.flushBeforeTransactionCompletion(SessionImpl.java:3303)
	at org.hibernate.internal.SessionImpl.beforeTransactionCompletion(SessionImpl.java:2438)
	at org.hibernate.engine.jdbc.internal.JdbcCoordinatorImpl.beforeTransactionCompletion(JdbcCoordinatorImpl.java:449)
	at org.hibernate.resource.transaction.backend.jdbc.internal.JdbcResourceLocalTransactionCoordinatorImpl.beforeCompletionCallback(JdbcResourceLocalTransactionCoordinatorImpl.java:183)
	at org.hibernate.resource.transaction.backend.jdbc.internal.JdbcResourceLocalTransactionCoordinatorImpl.access$300(JdbcResourceLocalTransactionCoordinatorImpl.java:40)
	at org.hibernate.resource.transaction.backend.jdbc.internal.JdbcResourceLocalTransactionCoordinatorImpl$TransactionDriverControlImpl.commit(JdbcResourceLocalTransactionCoordinatorImpl.java:281)
	at org.hibernate.engine.transaction.internal.TransactionImpl.commit(TransactionImpl.java:101)
	at org.springframework.orm.jpa.JpaTransactionManager.doCommit(JpaTransactionManager.java:562)
	at org.springframework.transaction.support.AbstractPlatformTransactionManager.processCommit(AbstractPlatformTransactionManager.java:743)
	at org.springframework.transaction.support.AbstractPlatformTransactionManager.commit(AbstractPlatformTransactionManager.java:711)
	at org.springframework.transaction.interceptor.TransactionAspectSupport.commitTransactionAfterReturning(TransactionAspectSupport.java:654)
	at org.springframework.transaction.interceptor.TransactionAspectSupport.invokeWithinTransaction(TransactionAspectSupport.java:407)
	at org.springframework.transaction.interceptor.TransactionInterceptor.invoke(TransactionInterceptor.java:119)
	at org.springframework.aop.framework.ReflectiveMethodInvocation.proceed(ReflectiveMethodInvocation.java:186)
	at org.springframework.dao.support.PersistenceExceptionTranslationInterceptor.invoke(PersistenceExceptionTranslationInterceptor.java:137)
	at org.springframework.aop.framework.ReflectiveMethodInvocation.proceed(ReflectiveMethodInvocation.java:186)
	at org.springframework.data.jpa.repository.support.CrudMethodMetadataPostProcessor$CrudMethodMetadataPopulatingMethodInterceptor.invoke(CrudMethodMetadataPostProcessor.java:174)
	at org.springframework.aop.framework.ReflectiveMethodInvocation.proceed(ReflectiveMethodInvocation.java:186)
	at org.springframework.aop.interceptor.ExposeInvocationInterceptor.invoke(ExposeInvocationInterceptor.java:97)
	at org.springframework.aop.framework.ReflectiveMethodInvocation.proceed(ReflectiveMethodInvocation.java:186)
	at org.springframework.aop.framework.JdkDynamicAopProxy.invoke(JdkDynamicAopProxy.java:215)
	at jdk.proxy3/jdk.proxy3.$Proxy122.save(Unknown Source)
	at com.assessment.appointment.application.service.impl.AppointmentServiceImpl.addAppointmentDetails(AppointmentServiceImpl.java:34)
	at com.assessment.appointment.application.controller.AppointmentController.addAppointmentDetails(AppointmentController.java:38)
	at java.base/jdk.internal.reflect.NativeMethodAccessorImpl.invoke0(Native Method)
	at java.base/jdk.internal.reflect.NativeMethodAccessorImpl.invoke(NativeMethodAccessorImpl.java:77)
	at java.base/jdk.internal.reflect.DelegatingMethodAccessorImpl.invoke(DelegatingMethodAccessorImpl.java:43)
	at java.base/java.lang.reflect.Method.invoke(Method.java:568)
	at org.springframework.web.method.support.InvocableHandlerMethod.doInvoke(InvocableHandlerMethod.java:205)
	at org.springframework.web.method.support.InvocableHandlerMethod.invokeForRequest(InvocableHandlerMethod.java:150)
	at org.springframework.web.servlet.mvc.method.annotation.ServletInvocableHandlerMethod.invokeAndHandle(ServletInvocableHandlerMethod.java:117)
	at org.springframework.web.servlet.mvc.method.annotation.RequestMappingHandlerAdapter.invokeHandlerMethod(RequestMappingHandlerAdapter.java:895)
	at org.springframework.web.servlet.mvc.method.annotation.RequestMappingHandlerAdapter.handleInternal(RequestMappingHandlerAdapter.java:808)
	at org.springframework.web.servlet.mvc.method.AbstractHandlerMethodAdapter.handle(AbstractHandlerMethodAdapter.java:87)
	at org.springframework.web.servlet.DispatcherServlet.doDispatch(DispatcherServlet.java:1071)
	at org.springframework.web.servlet.DispatcherServlet.doService(DispatcherServlet.java:964)
	at org.springframework.web.servlet.FrameworkServlet.processRequest(FrameworkServlet.java:1006)
	at org.springframework.web.servlet.FrameworkServlet.doPost(FrameworkServlet.java:909)
	at javax.servlet.http.HttpServlet.service(HttpServlet.java:696)
	at org.springframework.web.servlet.FrameworkServlet.service(FrameworkServlet.java:883)
	at javax.servlet.http.HttpServlet.service(HttpServlet.java:779)
	at org.apache.catalina.core.ApplicationFilterChain.internalDoFilter(ApplicationFilterChain.java:227)
	at org.apache.catalina.core.ApplicationFilterChain.doFilter(ApplicationFilterChain.java:162)
	at org.apache.tomcat.websocket.server.WsFilter.doFilter(WsFilter.java:53)
	at org.apache.catalina.core.ApplicationFilterChain.internalDoFilter(ApplicationFilterChain.java:189)
	at org.apache.catalina.core.ApplicationFilterChain.doFilter(ApplicationFilterChain.java:162)
	at org.springframework.web.filter.RequestContextFilter.doFilterInternal(RequestContextFilter.java:100)
	at org.springframework.web.filter.OncePerRequestFilter.doFilter(OncePerRequestFilter.java:117)
	at org.apache.catalina.core.ApplicationFilterChain.internalDoFilter(ApplicationFilterChain.java:189)
	at org.apache.catalina.core.ApplicationFilterChain.doFilter(ApplicationFilterChain.java:162)
	at org.springframework.web.filter.FormContentFilter.doFilterInternal(FormContentFilter.java:93)
	at org.springframework.web.filter.OncePerRequestFilter.doFilter(OncePerRequestFilter.java:117)
	at org.apache.catalina.core.ApplicationFilterChain.internalDoFilter(ApplicationFilterChain.java:189)
	at org.apache.catalina.core.ApplicationFilterChain.doFilter(ApplicationFilterChain.java:162)
	at org.springframework.web.filter.CharacterEncodingFilter.doFilterInternal(CharacterEncodingFilter.java:201)
	at org.springframework.web.filter.OncePerRequestFilter.doFilter(OncePerRequestFilter.java:117)
	at org.apache.catalina.core.ApplicationFilterChain.internalDoFilter(ApplicationFilterChain.java:189)
	at org.apache.catalina.core.ApplicationFilterChain.doFilter(ApplicationFilterChain.java:162)
	at org.apache.catalina.core.StandardWrapperValve.invoke(StandardWrapperValve.java:177)
	at org.apache.catalina.core.StandardContextValve.invoke(StandardContextValve.java:97)
	at org.apache.catalina.authenticator.AuthenticatorBase.invoke(AuthenticatorBase.java:541)
	at org.apache.catalina.core.StandardHostValve.invoke(StandardHostValve.java:135)
	at org.apache.catalina.valves.ErrorReportValve.invoke(ErrorReportValve.java:92)
	at org.apache.catalina.core.StandardEngineValve.invoke(StandardEngineValve.java:78)
	at org.apache.catalina.connector.CoyoteAdapter.service(CoyoteAdapter.java:360)
	at org.apache.coyote.http11.Http11Processor.service(Http11Processor.java:399)
	at org.apache.coyote.AbstractProcessorLight.process(AbstractProcessorLight.java:65)
	at org.apache.coyote.AbstractProtocol$ConnectionHandler.process(AbstractProtocol.java:891)
	at org.apache.tomcat.util.net.NioEndpoint$SocketProcessor.doRun(NioEndpoint.java:1784)
	at org.apache.tomcat.util.net.SocketProcessorBase.run(SocketProcessorBase.java:49)
	at org.apache.tomcat.util.threads.ThreadPoolExecutor.runWorker(ThreadPoolExecutor.java:1191)
	at org.apache.tomcat.util.threads.ThreadPoolExecutor$Worker.run(ThreadPoolExecutor.java:659)
	at org.apache.tomcat.util.threads.TaskThread$WrappingRunnable.run(TaskThread.java:61)
	at java.base/java.lang.Thread.run(Thread.java:833)
2022-12-08 21:23:55 [Thread-5] INFO  : Pausing ProtocolHandler ["http-nio-8091"]
2022-12-08 21:23:55 [Thread-5] INFO  : Stopping service [Tomcat]
2022-12-08 21:23:55 [Thread-5] INFO  : Destroying Spring FrameworkServlet 'dispatcherServlet'
2022-12-08 21:23:55 [Thread-5] INFO  : Stopping ProtocolHandler ["http-nio-8091"]
2022-12-08 21:23:55 [Thread-5] INFO  : Destroying ProtocolHandler ["http-nio-8091"]
2022-12-08 21:23:55 [Thread-5] INFO  : Closing JPA EntityManagerFactory for persistence unit 'default'
2022-12-08 21:23:55 [Thread-5] WARN  : Invocation of destroy method failed on bean with name 'inMemoryDatabaseShutdownExecutor': org.h2.jdbc.JdbcSQLNonTransientConnectionException: Database is already closed (to disable automatic closing at VM shutdown, add ";DB_CLOSE_ON_EXIT=FALSE" to the db URL) [90121-214]
2022-12-08 21:23:55 [Thread-5] INFO  : HikariPool-1 - Shutdown initiated...
2022-12-08 21:23:55 [Thread-5] INFO  : HikariPool-1 - Shutdown completed.
2022-12-08 21:23:55 [restartedMain] INFO  : Starting AppointmentApplication using Java 17.0.4.1 on MSI with PID 13820 (C:\Users\91786\git\repository\appointment-application\target\classes started by 91786 in C:\Users\91786\git\repository\appointment-application)
2022-12-08 21:23:55 [restartedMain] INFO  : No active profile set, falling back to 1 default profile: "default"
2022-12-08 21:23:55 [restartedMain] INFO  : Bootstrapping Spring Data JPA repositories in DEFAULT mode.
2022-12-08 21:23:55 [restartedMain] INFO  : Finished Spring Data repository scanning in 12 ms. Found 1 JPA repository interfaces.
2022-12-08 21:23:56 [restartedMain] INFO  : Tomcat initialized with port(s): 8091 (http)
2022-12-08 21:23:56 [restartedMain] INFO  : Initializing ProtocolHandler ["http-nio-8091"]
2022-12-08 21:23:56 [restartedMain] INFO  : Starting service [Tomcat]
2022-12-08 21:23:56 [restartedMain] INFO  : Starting Servlet engine: [Apache Tomcat/9.0.69]
2022-12-08 21:23:56 [restartedMain] INFO  : Initializing Spring embedded WebApplicationContext
2022-12-08 21:23:56 [restartedMain] INFO  : Root WebApplicationContext: initialization completed in 561 ms
2022-12-08 21:23:56 [restartedMain] INFO  : HikariPool-2 - Starting...
2022-12-08 21:23:56 [restartedMain] INFO  : HikariPool-2 - Start completed.
2022-12-08 21:23:56 [restartedMain] INFO  : H2 console available at '/h2-console'. Database available at 'jdbc:h2:mem:testdb'
2022-12-08 21:23:56 [restartedMain] INFO  : HHH000204: Processing PersistenceUnitInfo [name: default]
2022-12-08 21:23:56 [restartedMain] INFO  : HHH000400: Using dialect: org.hibernate.dialect.H2Dialect
2022-12-08 21:23:56 [restartedMain] INFO  : HHH000490: Using JtaPlatform implementation: [org.hibernate.engine.transaction.jta.platform.internal.NoJtaPlatform]
2022-12-08 21:23:56 [restartedMain] INFO  : Initialized JPA EntityManagerFactory for persistence unit 'default'
2022-12-08 21:23:56 [restartedMain] WARN  : spring.jpa.open-in-view is enabled by default. Therefore, database queries may be performed during view rendering. Explicitly configure spring.jpa.open-in-view to disable this warning
2022-12-08 21:23:56 [restartedMain] INFO  : Mapped URL path [/v2/api-docs] onto method [springfox.documentation.swagger2.web.Swagger2Controller#getDocumentation(String, HttpServletRequest)]
2022-12-08 21:23:56 [restartedMain] INFO  : LiveReload server is running on port 35729
2022-12-08 21:23:56 [restartedMain] INFO  : Starting ProtocolHandler ["http-nio-8091"]
2022-12-08 21:23:56 [restartedMain] INFO  : Tomcat started on port(s): 8091 (http) with context path ''
2022-12-08 21:23:56 [restartedMain] INFO  : Context refreshed
2022-12-08 21:23:56 [restartedMain] INFO  : Found 1 custom documentation plugin(s)
2022-12-08 21:23:56 [restartedMain] INFO  : Scanning for api listing references
2022-12-08 21:23:56 [restartedMain] INFO  : Generating unique operation named: openapiJsonUsingGET_1
2022-12-08 21:23:56 [restartedMain] INFO  : Started AppointmentApplication in 1.536 seconds (JVM running for 69.921)
2022-12-08 21:23:56 [restartedMain] INFO  : Condition evaluation unchanged
